2023-08-06 02:09:54.167115 - Initialized conversion of CBT197
2023-08-06 02:09:54.691047 - Received CBT.V505.FILE197.PDS from FILE197.XMI 
2023-08-06 02:09:54.693680 - Found $$$$DOC.txt (text/plain) in CBT.V505.FILE197.PDS, moved to PDS/$$$$DOC
2023-08-06 02:09:54.694751 - Found $$$#DATE.txt (text/plain) in CBT.V505.FILE197.PDS, moved to PDS/$$$#DATE
2023-08-06 02:09:54.695792 - Found ##DSECTS.jcl (text/plain) in CBT.V505.FILE197.PDS, moved to PDS/##DSECTS
2023-08-06 02:09:54.696988 - Found ##DSECT1.jcl (text/plain) in CBT.V505.FILE197.PDS, moved to PDS/##DSECT1
2023-08-06 02:09:54.697959 - Found ##DSECT2.jcl (text/plain) in CBT.V505.FILE197.PDS, moved to PDS/##DSECT2
2023-08-06 02:09:54.698882 - Found ##DSECVB.jcl (text/plain) in CBT.V505.FILE197.PDS, moved to PDS/##DSECVB
2023-08-06 02:09:54.699838 - Found #TRN2740.jcl (text/plain) in CBT.V505.FILE197.PDS, moved to PDS/#TRN2740
2023-08-06 02:09:54.700734 - Found @FILE197.txt (text/plain) in CBT.V505.FILE197.PDS, moved to PDS/@FILE197
2023-08-06 02:09:54.701618 - Found ADCTR.jcl (text/plain) in CBT.V505.FILE197.PDS, moved to PDS/ADCTR
2023-08-06 02:09:54.702496 - Found ADCTRDSP.jcl (text/plain) in CBT.V505.FILE197.PDS, moved to PDS/ADCTRDSP
2023-08-06 02:09:54.703339 - Found DFSADBC0.jcl (text/plain) in CBT.V505.FILE197.PDS, moved to PDS/DFSADBC0
2023-08-06 02:09:54.704186 - Found DFSADCC0.jcl (text/plain) in CBT.V505.FILE197.PDS, moved to PDS/DFSADCC0
2023-08-06 02:09:54.705070 - Found DFSAOS10.jcl (text/plain) in CBT.V505.FILE197.PDS, moved to PDS/DFSAOS10
2023-08-06 02:09:54.706113 - Found DFSAOS7S.jcl (text/plain) in CBT.V505.FILE197.PDS, moved to PDS/DFSAOS7S
2023-08-06 02:09:54.707138 - Found DFSAOS70.jcl (text/plain) in CBT.V505.FILE197.PDS, moved to PDS/DFSAOS70
2023-08-06 02:09:54.708108 - Found DFSAOUEH.jcl (text/plain) in CBT.V505.FILE197.PDS, moved to PDS/DFSAOUEH
2023-08-06 02:09:54.709005 - Found DFSCBT10.jcl (text/plain) in CBT.V505.FILE197.PDS, moved to PDS/DFSCBT10
2023-08-06 02:09:54.709973 - Found DFSCFE80.jcl (text/plain) in CBT.V505.FILE197.PDS, moved to PDS/DFSCFE80
2023-08-06 02:09:54.710867 - Found DFSCKWD0.jcl (text/plain) in CBT.V505.FILE197.PDS, moved to PDS/DFSCKWD0
2023-08-06 02:09:54.711746 - Found DFSCOFC0.jcl (text/plain) in CBT.V505.FILE197.PDS, moved to PDS/DFSCOFC0
2023-08-06 02:09:54.712589 - Found DFSCPY00.jcl (text/plain) in CBT.V505.FILE197.PDS, moved to PDS/DFSCPY00
2023-08-06 02:09:54.713468 - Found DFSDBH10.jcl (text/plain) in CBT.V505.FILE197.PDS, moved to PDS/DFSDBH10
2023-08-06 02:09:54.714452 - Found DFSDBH20.jcl (text/plain) in CBT.V505.FILE197.PDS, moved to PDS/DFSDBH20
2023-08-06 02:09:54.715362 - Found DFSDBH30.jcl (text/plain) in CBT.V505.FILE197.PDS, moved to PDS/DFSDBH30
2023-08-06 02:09:54.716213 - Found DFSDISM0.jcl (text/plain) in CBT.V505.FILE197.PDS, moved to PDS/DFSDISM0
2023-08-06 02:09:54.717152 - Found DFSDLA00.jcl (text/plain) in CBT.V505.FILE197.PDS, moved to PDS/DFSDLA00
2023-08-06 02:09:54.718137 - Found DFSDLA30.jcl (text/plain) in CBT.V505.FILE197.PDS, moved to PDS/DFSDLA30
2023-08-06 02:09:54.719043 - Found DFSDVBH0.jcl (text/plain) in CBT.V505.FILE197.PDS, moved to PDS/DFSDVBH0
2023-08-06 02:09:54.719894 - Found DFSDVSM0.jcl (text/plain) in CBT.V505.FILE197.PDS, moved to PDS/DFSDVSM0
2023-08-06 02:09:54.720748 - Found DFSFXC30.jcl (text/plain) in CBT.V505.FILE197.PDS, moved to PDS/DFSFXC30
2023-08-06 02:09:54.721672 - Found DFSICIO0.jcl (text/plain) in CBT.V505.FILE197.PDS, moved to PDS/DFSICIO0
2023-08-06 02:09:54.722573 - Found DFSICL70.jcl (text/plain) in CBT.V505.FILE197.PDS, moved to PDS/DFSICL70
2023-08-06 02:09:54.723429 - Found DFSIDP00.jcl (text/plain) in CBT.V505.FILE197.PDS, moved to PDS/DFSIDP00
2023-08-06 02:09:54.724298 - Found DFSIDP20.jcl (text/plain) in CBT.V505.FILE197.PDS, moved to PDS/DFSIDP20
2023-08-06 02:09:54.725215 - Found DFSIDP30.jcl (text/plain) in CBT.V505.FILE197.PDS, moved to PDS/DFSIDP30
2023-08-06 02:09:54.726177 - Found DFSIDP40.jcl (text/plain) in CBT.V505.FILE197.PDS, moved to PDS/DFSIDP40
2023-08-06 02:09:54.727113 - Found DFSIDSPH.jcl (text/plain) in CBT.V505.FILE197.PDS, moved to PDS/DFSIDSPH
2023-08-06 02:09:54.728013 - Found DFSIINS0.jcl (text/plain) in CBT.V505.FILE197.PDS, moved to PDS/DFSIINS0
2023-08-06 02:09:54.728907 - Found DFSMODU0.jcl (text/plain) in CBT.V505.FILE197.PDS, moved to PDS/DFSMODU0
2023-08-06 02:09:54.729876 - Found DFSPCC20.jcl (text/plain) in CBT.V505.FILE197.PDS, moved to PDS/DFSPCC20
2023-08-06 02:09:54.730777 - Found DFSPIL00.jcl (text/plain) in CBT.V505.FILE197.PDS, moved to PDS/DFSPIL00
2023-08-06 02:09:54.731648 - Found DFSPSTB0.jcl (text/plain) in CBT.V505.FILE197.PDS, moved to PDS/DFSPSTB0
2023-08-06 02:09:54.732511 - Found DFSRRA40.jcl (text/plain) in CBT.V505.FILE197.PDS, moved to PDS/DFSRRA40
2023-08-06 02:09:54.733389 - Found DFSRRC10.jcl (text/plain) in CBT.V505.FILE197.PDS, moved to PDS/DFSRRC10
2023-08-06 02:09:54.734375 - Found DFSSABN0.jcl (text/plain) in CBT.V505.FILE197.PDS, moved to PDS/DFSSABN0
2023-08-06 02:09:54.735266 - Found DFSSBMP0.jcl (text/plain) in CBT.V505.FILE197.PDS, moved to PDS/DFSSBMP0
2023-08-06 02:09:54.736144 - Found DFSSMIC0.jcl (text/plain) in CBT.V505.FILE197.PDS, moved to PDS/DFSSMIC0
2023-08-06 02:09:54.737050 - Found DFSSMSC0.jcl (text/plain) in CBT.V505.FILE197.PDS, moved to PDS/DFSSMSC0
2023-08-06 02:09:54.737945 - Found DFSSTAT0.jcl (text/plain) in CBT.V505.FILE197.PDS, moved to PDS/DFSSTAT0
2023-08-06 02:09:54.738871 - Found DFSUARP0.jcl (text/plain) in CBT.V505.FILE197.PDS, moved to PDS/DFSUARP0
2023-08-06 02:09:54.739732 - Found ILOGREC.jcl (text/plain) in CBT.V505.FILE197.PDS, moved to PDS/ILOGREC
2023-08-06 02:09:54.740600 - Found IMRUTRN6.jcl (text/plain) in CBT.V505.FILE197.PDS, moved to PDS/IMRUTRN6
2023-08-06 02:09:54.741639 - Found MRSELECT.jcl (text/plain) in CBT.V505.FILE197.PDS, moved to PDS/MRSELECT
2023-08-06 02:09:54.742526 - Found NARAO200.jcl (text/plain) in CBT.V505.FILE197.PDS, moved to PDS/NARAO200
2023-08-06 02:09:54.743503 - Found NARBGN20.jcl (text/plain) in CBT.V505.FILE197.PDS, moved to PDS/NARBGN20
2023-08-06 02:09:54.744493 - Found NARBGN40.jcl (text/plain) in CBT.V505.FILE197.PDS, moved to PDS/NARBGN40
2023-08-06 02:09:54.745477 - Found NARCPY.jcl (text/plain) in CBT.V505.FILE197.PDS, moved to PDS/NARCPY
2023-08-06 02:09:54.746359 - Found NARILOG7.jcl (text/plain) in CBT.V505.FILE197.PDS, moved to PDS/NARILOG7
2023-08-06 02:09:54.747146 - Found NARPARMS.jcl (text/plain) in CBT.V505.FILE197.PDS, moved to PDS/NARPARMS
2023-08-06 02:09:54.748099 - Found NARPRM.jcl (text/plain) in CBT.V505.FILE197.PDS, moved to PDS/NARPRM
2023-08-06 02:09:54.749033 - Found NARPST.jcl (text/plain) in CBT.V505.FILE197.PDS, moved to PDS/NARPST
2023-08-06 02:09:54.749932 - Found NARPSTF.jcl (text/plain) in CBT.V505.FILE197.PDS, moved to PDS/NARPSTF
2023-08-06 02:09:54.750924 - Found NARPST00.jcl (text/plain) in CBT.V505.FILE197.PDS, moved to PDS/NARPST00
2023-08-06 02:09:54.751852 - Found NARSCD.jcl (text/plain) in CBT.V505.FILE197.PDS, moved to PDS/NARSCD
2023-08-06 02:09:54.752766 - Found NARSCDF.jcl (text/plain) in CBT.V505.FILE197.PDS, moved to PDS/NARSCDF
2023-08-06 02:09:54.753720 - Found NARSCD00.jcl (text/plain) in CBT.V505.FILE197.PDS, moved to PDS/NARSCD00
2023-08-06 02:09:54.754571 - Found NARSEC.jcl (text/plain) in CBT.V505.FILE197.PDS, moved to PDS/NARSEC
2023-08-06 02:09:54.755520 - Found NARSEPAR.jcl (text/plain) in CBT.V505.FILE197.PDS, moved to PDS/NARSEPAR
2023-08-06 02:09:54.756463 - Found NARSTAE0.jcl (text/plain) in CBT.V505.FILE197.PDS, moved to PDS/NARSTAE0
2023-08-06 02:09:54.757311 - Found PRSCEXIT.jcl (text/plain) in CBT.V505.FILE197.PDS, moved to PDS/PRSCEXIT
2023-08-06 02:09:54.758274 - Found WAITDC1A.jcl (text/plain) in CBT.V505.FILE197.PDS, moved to PDS/WAITDC1A
2023-08-06 02:09:54.759172 - Found XFSAOS70.jcl (text/plain) in CBT.V505.FILE197.PDS, moved to PDS/XFSAOS70
2023-08-06 02:09:54.760093 - Found ZFDIINV0.jcl (text/plain) in CBT.V505.FILE197.PDS, moved to PDS/ZFDIINV0
